16:07:57,072 INFO  de.taimos.daemon.DaemonStarter  - Running in production mode: run
16:07:57,072 INFO  de.taimos.daemon.DaemonStarter  - Running with instance id: ac318a31-ae53-464f-a18d-8ddc97b9c332
16:07:57,072 INFO  de.taimos.daemon.DaemonStarter  - Running on host: r2d2
16:07:57,072 INFO  root  - Changed the the log level to INFO
16:07:57,082 INFO  root  - Deactivated the SYSLOG Appender
16:07:57,082 INFO  root  - Deactivated the LOGGLY Appender
16:07:57,082 INFO  de.taimos.daemon.DaemonStarter  - foobar started!
16:07:57,082 INFO  root  - Message
16:07:57,082 WARN  root  - Warning
java.lang.RuntimeException: Failed
	at de.taimos.daemon.Log4jTest.started(Log4jTest.java:33)
	at de.taimos.daemon.DaemonStarter.notifyStarted(DaemonStarter.java:251)
	at de.taimos.daemon.DaemonStarter.doStartDaemon(DaemonStarter.java:188)
	at de.taimos.daemon.DaemonStarter.access$0(DaemonStarter.java:141)
	at de.taimos.daemon.DaemonStarter$1.run(DaemonStarter.java:136)
	at java.util.concurrent.ThreadPoolExecutor.runWorker(ThreadPoolExecutor.java:1142)
	at java.util.concurrent.ThreadPoolExecutor$Worker.run(ThreadPoolExecutor.java:617)
	at java.lang.Thread.run(Thread.java:745)
16:07:57,082 INFO  root  - Request
16:08:00,034 INFO  de.taimos.daemon.DaemonStarter  - foobar stopped!
