16:07:57,072 INFO  de.taimos.daemon.DaemonStarter  - Running in production mode: run
16:07:57,072 INFO  de.taimos.daemon.DaemonStarter  - Running with instance id: ac318a31-ae53-464f-a18d-8ddc97b9c332
16:07:57,072 INFO  de.taimos.daemon.DaemonStarter  - Running on host: r2d2
16:07:57,072 INFO  root  - Changed the the log level to INFO
16:07:57,082 INFO  root  - Deactivated the SYSLOG Appender
16:07:57,082 INFO  root  - Deactivated the LOGGLY Appender
16:07:57,082 INFO  de.taimos.daemon.DaemonStarter  - foobar started!
16:07:57,082 INFO  root  - Message
16:07:57,082 WARN  root  - Warning
java.lang.RuntimeException: Failed
	at de.taimos.daemon.Log4jTest.started(Log4jTest.java:33)
	at de.taimos.daemon.DaemonStarter.notifyStarted(DaemonStarter.java:251)
	at de.taimos.daemon.DaemonStarter.doStartDaemon(DaemonStarter.java:188)
	at de.taimos.daemon.DaemonStarter.access$0(DaemonStarter.java:141)
	at de.taimos.daemon.DaemonStarter$1.run(DaemonStarter.java:136)
	at java.util.concurrent.ThreadPoolExecutor.runWorker(ThreadPoolExecutor.java:1142)
	at java.util.concurrent.ThreadPoolExecutor$Worker.run(ThreadPoolExecutor.java:617)
	at java.lang.Thread.run(Thread.java:745)
16:07:57,082 INFO  root  - Request
16:08:00,034 INFO  de.taimos.daemon.DaemonStarter  - foobar stopped!
17:29:11,008 INFO  de.taimos.daemon.DaemonStarter  - Running in production mode: run
17:29:11,008 INFO  de.taimos.daemon.DaemonStarter  - Running with instance id: d1399ffa-4e22-4e3a-9867-30c70032626d
17:29:11,008 INFO  de.taimos.daemon.DaemonStarter  - Running on host: r2d2
17:29:11,008 INFO  root  - Changed the the log level to INFO
17:29:11,024 INFO  root  - Deactivated the SYSLOG Appender
17:29:11,024 INFO  root  - Deactivated the LOGGLY Appender
17:29:11,024 INFO  de.taimos.daemon.DaemonStarter  - foobar started!
17:29:11,024 INFO  de.taimos.daemon.Log4jTest  - Message
17:29:11,024 WARN  de.taimos.daemon.Log4jTest  - Warning
java.lang.RuntimeException: Failed
	at de.taimos.daemon.Log4jTest.started(Log4jTest.java:36)
	at de.taimos.daemon.DaemonStarter.notifyStarted(DaemonStarter.java:251)
	at de.taimos.daemon.DaemonStarter.doStartDaemon(DaemonStarter.java:188)
	at de.taimos.daemon.DaemonStarter.access$0(DaemonStarter.java:141)
	at de.taimos.daemon.DaemonStarter$1.run(DaemonStarter.java:136)
	at java.util.concurrent.ThreadPoolExecutor.runWorker(ThreadPoolExecutor.java:1142)
	at java.util.concurrent.ThreadPoolExecutor$Worker.run(ThreadPoolExecutor.java:617)
	at java.lang.Thread.run(Thread.java:745)
17:29:11,024 INFO  de.taimos.daemon.Log4jTest  - Request
17:29:13,983 INFO  de.taimos.daemon.DaemonStarter  - foobar stopped!
17:42:14,159 INFO  de.taimos.daemon.DaemonStarter  - Running in production mode: run
17:42:14,159 INFO  de.taimos.daemon.DaemonStarter  - Running with instance id: 2eeca934-36fb-4c78-9486-8533be8f660e
17:42:14,159 INFO  de.taimos.daemon.DaemonStarter  - Running on host: r2d2
17:42:14,159 INFO  root  - Changed the the log level to INFO
17:42:14,159 INFO  root  - Deactivated the SYSLOG Appender
17:42:14,159 INFO  root  - Deactivated the LOGGLY Appender
17:42:14,159 INFO  de.taimos.daemon.DaemonStarter  - foobar started!
17:42:14,159 INFO  de.taimos.daemon.Log4jTest  - Message
17:42:14,159 WARN  de.taimos.daemon.Log4jTest  - Warning
java.lang.RuntimeException: Failed
	at de.taimos.daemon.Log4jTest.started(Log4jTest.java:35)
	at de.taimos.daemon.DaemonStarter.notifyStarted(DaemonStarter.java:251)
	at de.taimos.daemon.DaemonStarter.doStartDaemon(DaemonStarter.java:188)
	at de.taimos.daemon.DaemonStarter.access$0(DaemonStarter.java:141)
	at de.taimos.daemon.DaemonStarter$1.run(DaemonStarter.java:136)
	at java.util.concurrent.ThreadPoolExecutor.runWorker(ThreadPoolExecutor.java:1142)
	at java.util.concurrent.ThreadPoolExecutor$Worker.run(ThreadPoolExecutor.java:617)
	at java.lang.Thread.run(Thread.java:745)
17:42:14,159 INFO  de.taimos.daemon.Log4jTest  - Request
17:42:17,129 INFO  de.taimos.daemon.DaemonStarter  - foobar stopped!
